<testsuite>
    <testcase classname="Accounting::ConsolidationConfiguration" name="test_0001_is a factory for consolidation runs"
              time="0.0064780000247992575" assertions="0">
        <error message="Error:&#10;Accounting::ConsolidationConfiguration#test_0001_is a factory for consolidation runs:&#10;NoMethodError: undefined method `default_area' for nil:NilClass&#10;    app/models/accounting/consolidation_configuration.rb:64:in `next_identifier'&#10;    app/models/accounting/consolidation_configuration.rb:50:in `build_run'&#10;    test/models/accounting/consolidation_configuration_test.rb:7:in `block (2 levels) in &lt;top (required)&gt;'&#10;">
            /Users/joegaudet/foodee-dev/MasterFox/app/models/accounting/consolidation_configuration.rb:64:in
            `next_identifier'
            /Users/joegaudet/foodee-dev/MasterFox/app/models/accounting/consolidation_configuration.rb:50:in `build_run'
            /Users/joegaudet/foodee-dev/MasterFox/test/models/accounting/consolidation_configuration_test.rb:7:in `block
            (2 levels) in &lt;top (required)&gt;'
            /Users/joegaudet/.rbenv/versions/2.5.6/lib/ruby/gems/2.5.0/gems/minitest-5.10.3/lib/minitest/test.rb:107:in
            `block (3 levels) in run'
            /Users/joegaudet/.rbenv/versions/2.5.6/lib/ruby/gems/2.5.0/gems/minitest-5.10.3/lib/minitest/test.rb:204:in
            `capture_exceptions'
            /Users/joegaudet/.rbenv/versions/2.5.6/lib/ruby/gems/2.5.0/gems/minitest-5.10.3/lib/minitest/test.rb:104:in
            `block (2 levels) in run'
            /Users/joegaudet/.rbenv/versions/2.5.6/lib/ruby/gems/2.5.0/gems/minitest-5.10.3/lib/minitest/test.rb:255:in
            `time_it'
            /Users/joegaudet/.rbenv/versions/2.5.6/lib/ruby/gems/2.5.0/gems/minitest-5.10.3/lib/minitest/test.rb:103:in
            `block in run'
            /Users/joegaudet/.rbenv/versions/2.5.6/lib/ruby/gems/2.5.0/gems/minitest-5.10.3/lib/minitest.rb:350:in
            `on_signal'
            /Users/joegaudet/.rbenv/versions/2.5.6/lib/ruby/gems/2.5.0/gems/minitest-5.10.3/lib/minitest/test.rb:275:in
            `with_info_handler'
            /Users/joegaudet/.rbenv/versions/2.5.6/lib/ruby/gems/2.5.0/gems/minitest-5.10.3/lib/minitest/test.rb:102:in
            `run'
            /Users/joegaudet/.rbenv/versions/2.5.6/lib/ruby/gems/2.5.0/gems/minitest-around-0.4.0/lib/minitest/around/unit.rb:11:in
            `run'
            /Users/joegaudet/.rbenv/versions/2.5.6/lib/ruby/gems/2.5.0/gems/minitest-reporters-1.4.2/lib/minitest/reporters.rb:48:in
            `run_with_hooks'
            /Users/joegaudet/.rbenv/versions/2.5.6/lib/ruby/gems/2.5.0/gems/minitest-5.10.3/lib/minitest.rb:839:in
            `run_one_method'
            /Users/joegaudet/.rbenv/versions/2.5.6/lib/ruby/gems/2.5.0/gems/minitest-5.10.3/lib/minitest.rb:324:in
            `run_one_method'
            /Users/joegaudet/.rbenv/versions/2.5.6/lib/ruby/gems/2.5.0/gems/minitest-5.10.3/lib/minitest.rb:311:in
            `block (2 levels) in run'
            /Users/joegaudet/.rbenv/versions/2.5.6/lib/ruby/gems/2.5.0/gems/minitest-5.10.3/lib/minitest.rb:310:in
            `each'
            /Users/joegaudet/.rbenv/versions/2.5.6/lib/ruby/gems/2.5.0/gems/minitest-5.10.3/lib/minitest.rb:310:in
            `block in run'
            /Users/joegaudet/.rbenv/versions/2.5.6/lib/ruby/gems/2.5.0/gems/minitest-5.10.3/lib/minitest.rb:350:in
            `on_signal'
            /Users/joegaudet/.rbenv/versions/2.5.6/lib/ruby/gems/2.5.0/gems/minitest-5.10.3/lib/minitest.rb:337:in
            `with_info_handler'
            /Users/joegaudet/.rbenv/versions/2.5.6/lib/ruby/gems/2.5.0/gems/minitest-5.10.3/lib/minitest.rb:309:in `run'
            /Users/joegaudet/.rbenv/versions/2.5.6/lib/ruby/gems/2.5.0/gems/railties-5.0.7/lib/rails/test_unit/line_filtering.rb:9:in
            `run'
            /Users/joegaudet/.rbenv/versions/2.5.6/lib/ruby/gems/2.5.0/gems/minitest-5.10.3/lib/minitest.rb:159:in
            `block in __run'
            /Users/joegaudet/.rbenv/versions/2.5.6/lib/ruby/gems/2.5.0/gems/minitest-5.10.3/lib/minitest.rb:159:in `map'
            /Users/joegaudet/.rbenv/versions/2.5.6/lib/ruby/gems/2.5.0/gems/minitest-5.10.3/lib/minitest.rb:159:in
            `__run'
            /Users/joegaudet/.rbenv/versions/2.5.6/lib/ruby/gems/2.5.0/gems/minitest-5.10.3/lib/minitest.rb:136:in `run'
            /Users/joegaudet/.rbenv/versions/2.5.6/lib/ruby/gems/2.5.0/gems/minitest-5.10.3/lib/minitest.rb:63:in `block
            in autorun'
            /Users/joegaudet/.rbenv/versions/2.5.6/lib/ruby/gems/2.5.0/gems/spring-2.0.2/lib/spring/application.rb:171:in
            `fork'
            /Users/joegaudet/.rbenv/versions/2.5.6/lib/ruby/gems/2.5.0/gems/spring-2.0.2/lib/spring/application.rb:171:in
            `serve'
            /Users/joegaudet/.rbenv/versions/2.5.6/lib/ruby/gems/2.5.0/gems/spring-2.0.2/lib/spring/application.rb:141:in
            `block in run'
            /Users/joegaudet/.rbenv/versions/2.5.6/lib/ruby/gems/2.5.0/gems/spring-2.0.2/lib/spring/application.rb:135:in
            `loop'
            /Users/joegaudet/.rbenv/versions/2.5.6/lib/ruby/gems/2.5.0/gems/spring-2.0.2/lib/spring/application.rb:135:in
            `run'
            /Users/joegaudet/.rbenv/versions/2.5.6/lib/ruby/gems/2.5.0/gems/spring-2.0.2/lib/spring/application/boot.rb:19:in
            `&lt;top (required)&gt;'
            /Users/joegaudet/.rbenv/versions/2.5.6/lib/ruby/2.5.0/rubygems/core_ext/kernel_require.rb:59:in `require'
            /Users/joegaudet/.rbenv/versions/2.5.6/lib/ruby/2.5.0/rubygems/core_ext/kernel_require.rb:59:in `require'
            -e:1:in `&lt;main&gt;'
        </error>
    </testcase>
    <testcase classname="Restaurants::Ranking::ranking restaurants by online ordering"
              name="test_0001_counts all closed orders in this month" time="4.358696000010241"
              assertions="12"></testcase>
</testsuite>
